\BOOKMARK [0][-]{chapter.1}{Background \046 Objectives}{}% 1
\BOOKMARK [1][-]{section.1.1}{Background}{chapter.1}% 2
\BOOKMARK [2][-]{subsection.1.1.1}{Similar Systems}{section.1.1}% 3
\BOOKMARK [2][-]{subsection.1.1.2}{Reading and Preparation}{section.1.1}% 4
\BOOKMARK [1][-]{section.1.2}{Analysis}{chapter.1}% 5
\BOOKMARK [2][-]{subsection.1.2.1}{User Stories}{section.1.2}% 6
\BOOKMARK [2][-]{subsection.1.2.2}{Project Components}{section.1.2}% 7
\BOOKMARK [2][-]{subsection.1.2.3}{Security and Safety Issues}{section.1.2}% 8
\BOOKMARK [1][-]{section.1.3}{Process}{chapter.1}% 9
\BOOKMARK [0][-]{chapter.2}{Overall Final Design}{}% 10
\BOOKMARK [1][-]{section.2.1}{Overall Architecture}{chapter.2}% 11
\BOOKMARK [1][-]{section.2.2}{Implementation Tools}{chapter.2}% 12
\BOOKMARK [1][-]{section.2.3}{Configuration File}{chapter.2}% 13
\BOOKMARK [1][-]{section.2.4}{User Interface}{chapter.2}% 14
\BOOKMARK [1][-]{section.2.5}{Other Design Decisions}{chapter.2}% 15
\BOOKMARK [0][-]{chapter.3}{Implementation and Design Changes}{}% 16
\BOOKMARK [1][-]{section.3.1}{User Interface}{chapter.3}% 17
\BOOKMARK [2][-]{subsection.3.1.1}{Main Output Window}{section.3.1}% 18
\BOOKMARK [2][-]{subsection.3.1.2}{Side Bar Menu}{section.3.1}% 19
\BOOKMARK [2][-]{subsection.3.1.3}{Tab Bar}{section.3.1}% 20
\BOOKMARK [2][-]{subsection.3.1.4}{Teleoperation Tab}{section.3.1}% 21
\BOOKMARK [2][-]{subsection.3.1.5}{Monitoring Tab}{section.3.1}% 22
\BOOKMARK [1][-]{section.3.2}{Process Management}{chapter.3}% 23
\BOOKMARK [2][-]{subsection.3.2.1}{Starting Processes}{section.3.2}% 24
\BOOKMARK [2][-]{subsection.3.2.2}{Emulating Teletype Interfaces}{section.3.2}% 25
\BOOKMARK [2][-]{subsection.3.2.3}{Capturing Process Output}{section.3.2}% 26
\BOOKMARK [2][-]{subsection.3.2.4}{Killing Processes}{section.3.2}% 27
\BOOKMARK [1][-]{section.3.3}{Teleoperation}{chapter.3}% 28
\BOOKMARK [1][-]{section.3.4}{Monitoring}{chapter.3}% 29
\BOOKMARK [0][-]{chapter.4}{Testing}{}% 30
\BOOKMARK [1][-]{section.4.1}{Overall Approach to Testing}{chapter.4}% 31
\BOOKMARK [1][-]{section.4.2}{Hardware Testing}{chapter.4}% 32
\BOOKMARK [2][-]{subsection.4.2.1}{All dependencies Satisfied}{section.4.2}% 33
\BOOKMARK [2][-]{subsection.4.2.2}{Successful Code Compilation}{section.4.2}% 34
\BOOKMARK [2][-]{subsection.4.2.3}{User Interface Displaying Properly}{section.4.2}% 35
\BOOKMARK [2][-]{subsection.4.2.4}{Processes Terminating Correctly}{section.4.2}% 36
\BOOKMARK [2][-]{subsection.4.2.5}{Appropriate Signals Sent from the Teleoperation Tab}{section.4.2}% 37
\BOOKMARK [1][-]{section.4.3}{User Interface Testing}{chapter.4}% 38
\BOOKMARK [1][-]{section.4.4}{Stress Testing}{chapter.4}% 39
\BOOKMARK [1][-]{section.4.5}{User Testing}{chapter.4}% 40
\BOOKMARK [0][-]{chapter.5}{Evaluation}{}% 41
\BOOKMARK [1][-]{section.5.1}{Evaluation of Agile Approach}{chapter.5}% 42
\BOOKMARK [1][-]{section.5.2}{Identifying the Requirements}{chapter.5}% 43
\BOOKMARK [1][-]{section.5.3}{Design Decisions}{chapter.5}% 44
\BOOKMARK [1][-]{section.5.4}{Appropriateness of Tools Used}{chapter.5}% 45
\BOOKMARK [1][-]{section.5.5}{Relevance to Degree Scheme}{chapter.5}% 46
\BOOKMARK [1][-]{section.5.6}{Application and Impact}{chapter.5}% 47
\BOOKMARK [1][-]{section.5.7}{Time Management}{chapter.5}% 48
\BOOKMARK [1][-]{section.5.8}{Future Work}{chapter.5}% 49
\BOOKMARK [2][-]{subsection.5.8.1}{Extra Usability Features}{section.5.8}% 50
\BOOKMARK [2][-]{subsection.5.8.2}{Signal Handling}{section.5.8}% 51
\BOOKMARK [2][-]{subsection.5.8.3}{More Customisability}{section.5.8}% 52
\BOOKMARK [2][-]{subsection.5.8.4}{Help Menu}{section.5.8}% 53
\BOOKMARK [0][-]{subsection.5.8.4}{Annotated Bibliography}{}% 54
\BOOKMARK [0][-]{chapter*.11}{Appendices}{}% 55
\BOOKMARK [0][-]{appendix.A}{Third-Party Code and Libraries}{}% 56
\BOOKMARK [0][-]{appendix.B}{Ethics Submission}{}% 57
\BOOKMARK [0][-]{appendix.C}{Code Examples}{}% 58
\BOOKMARK [1][-]{section.C.1}{Altering Child IO Signals}{appendix.C}% 59
\BOOKMARK [1][-]{section.C.2}{Example Configuration File}{appendix.C}% 60
\BOOKMARK [1][-]{section.C.3}{Test Programs}{appendix.C}% 61
\BOOKMARK [2][-]{subsection.C.3.1}{Example Program 01}{section.C.3}% 62
\BOOKMARK [2][-]{subsection.C.3.2}{Example Program 02}{section.C.3}% 63
\BOOKMARK [2][-]{subsection.C.3.3}{Example Program 03}{section.C.3}% 64
\BOOKMARK [0][-]{appendix.D}{Diagrams}{}% 65
