This is pdfTeX, Version 3.14159265-2.6-1.40.19 (TeX Live 2018/Arch Linux) (preloaded format=pdflatex 2019.4.11)  3 MAY 2019 13:44
entering extended mode
 restricted \write18 enabled.
 %&-line parsing enabled.
**mmp-report
(./mmp-report.tex
LaTeX2e <2018-12-01>
(/usr/share/texmf-dist/tex/latex/base/report.cls
Document Class: report 2018/09/03 v1.4i Standard LaTeX document class
(/usr/share/texmf-dist/tex/latex/base/size11.clo
File: size11.clo 2018/09/03 v1.4i Standard LaTeX file (size option)
)
\c@part=\count80
\c@chapter=\count81
\c@section=\count82
\c@subsection=\count83
\c@subsubsection=\count84
\c@paragraph=\count85
\c@subparagraph=\count86
\c@figure=\count87
\c@table=\count88
\abovecaptionskip=\skip41
\belowcaptionskip=\skip42
\bibindent=\dimen102
)
(/usr/share/texmf-dist/tex/latex/tools/array.sty
Package: array 2018/12/30 v2.4k Tabular extension package (FMi)
\col@sep=\dimen103
\ar@mcellbox=\box27
\extrarowheight=\dimen104
\NC@list=\toks14
\extratabsurround=\skip43
\backup@length=\skip44
\ar@cellbox=\box28
)
(/usr/share/texmf-dist/tex/latex/graphics/graphicx.sty
Package: graphicx 2017/06/01 v1.1a Enhanced LaTeX Graphics (DPC,SPQR)

(/usr/share/texmf-dist/tex/latex/graphics/keyval.sty
Package: keyval 2014/10/28 v1.15 key=value parser (DPC)
\KV@toks@=\toks15
)
(/usr/share/texmf-dist/tex/latex/graphics/graphics.sty
Package: graphics 2017/06/25 v1.2c Standard LaTeX Graphics (DPC,SPQR)

(/usr/share/texmf-dist/tex/latex/graphics/trig.sty
Package: trig 2016/01/03 v1.10 sin cos tan (DPC)
)
(/usr/share/texmf-dist/tex/latex/graphics-cfg/graphics.cfg
File: graphics.cfg 2016/06/04 v1.11 sample graphics configuration
)
Package graphics Info: Driver file: pdftex.def on input line 99.

(/usr/share/texmf-dist/tex/latex/graphics-def/pdftex.def
File: pdftex.def 2018/01/08 v1.0l Graphics/color driver for pdftex
))
\Gin@req@height=\dimen105
\Gin@req@width=\dimen106
)
(./StylesAndReferences/mmp-report.sty

LaTeX Warning: You have requested package `StylesAndReferences/mmp-report',
               but the package provides `mmp-report'.

Package: mmp-report 
(/usr/share/texmf-dist/tex/latex/psnfss/palatino.sty
Package: palatino 2005/04/12 PSNFSS-v9.2a (SPQR) 
)
(/usr/share/texmf-dist/tex/latex/carlisle/plain.sty
Package: plain 1996/04/22 Plain TeX emulation (DPC)
\tabs@latex=\box29
\tabsyet@latex=\box30
\tabsdone@latex=\box31
)
(/usr/share/texmf-dist/tex/latex/amsmath/amsmath.sty
Package: amsmath 2018/12/01 v2.17b AMS math features
\@mathmargin=\skip45

For additional information on amsmath, use the `?' option.
(/usr/share/texmf-dist/tex/latex/amsmath/amstext.sty
Package: amstext 2000/06/29 v2.01 AMS text

(/usr/share/texmf-dist/tex/latex/amsmath/amsgen.sty
File: amsgen.sty 1999/11/30 v2.0 generic functions
\@emptytoks=\toks16
\ex@=\dimen107
))
(/usr/share/texmf-dist/tex/latex/amsmath/amsbsy.sty
Package: amsbsy 1999/11/29 v1.2d Bold Symbols
\pmbraise@=\dimen108
)
(/usr/share/texmf-dist/tex/latex/amsmath/amsopn.sty
Package: amsopn 2016/03/08 v2.02 operator names
)
\inf@bad=\count89
LaTeX Info: Redefining \frac on input line 223.
\uproot@=\count90
\leftroot@=\count91
LaTeX Info: Redefining \overline on input line 385.
\classnum@=\count92
\DOTSCASE@=\count93
LaTeX Info: Redefining \ldots on input line 482.
LaTeX Info: Redefining \dots on input line 485.
LaTeX Info: Redefining \cdots on input line 606.
\Mathstrutbox@=\box32
\strutbox@=\box33
\big@size=\dimen109
LaTeX Font Info:    Redeclaring font encoding OML on input line 729.
LaTeX Font Info:    Redeclaring font encoding OMS on input line 730.
\macc@depth=\count94
\c@MaxMatrixCols=\count95
\dotsspace@=\muskip10
\c@parentequation=\count96
\dspbrk@lvl=\count97
\tag@help=\toks17
\row@=\count98
\column@=\count99
\maxfields@=\count100
\andhelp@=\toks18
\eqnshift@=\dimen110
\alignsep@=\dimen111
\tagshift@=\dimen112
\tagwidth@=\dimen113
\totwidth@=\dimen114
\lineht@=\dimen115
\@envbody=\toks19
\multlinegap=\skip46
\multlinetaggap=\skip47
\mathdisplay@stack=\toks20
LaTeX Info: Redefining \[ on input line 2844.
LaTeX Info: Redefining \] on input line 2845.
)
(/usr/share/texmf-dist/tex/latex/amsfonts/amsfonts.sty
Package: amsfonts 2013/01/14 v3.01 Basic AMSFonts support
\symAMSa=\mathgroup4
\symAMSb=\mathgroup5
LaTeX Font Info:    Overwriting math alphabet `\mathfrak' in version `bold'
(Font)                  U/euf/m/n --> U/euf/b/n on input line 106.
)
(/usr/share/texmf-dist/tex/latex/amsfonts/amssymb.sty
Package: amssymb 2013/01/14 v3.01 AMS font symbols
)
(/usr/share/texmf-dist/tex/latex/xcolor/xcolor.sty
Package: xcolor 2016/05/11 v2.12 LaTeX color extensions (UK)

(/usr/share/texmf-dist/tex/latex/graphics-cfg/color.cfg
File: color.cfg 2016/01/02 v1.6 sample color configuration
)
Package xcolor Info: Driver file: pdftex.def on input line 225.
Package xcolor Info: Model `cmy' substituted by `cmy0' on input line 1348.
Package xcolor Info: Model `hsb' substituted by `rgb' on input line 1352.
Package xcolor Info: Model `RGB' extended on input line 1364.
Package xcolor Info: Model `HTML' substituted by `rgb' on input line 1366.
Package xcolor Info: Model `Hsb' substituted by `hsb' on input line 1367.
Package xcolor Info: Model `tHsb' substituted by `hsb' on input line 1368.
Package xcolor Info: Model `HSB' substituted by `hsb' on input line 1369.
Package xcolor Info: Model `Gray' substituted by `gray' on input line 1370.
Package xcolor Info: Model `wave' substituted by `hsb' on input line 1371.
)
(/usr/share/texmf-dist/tex/latex/sectsty/sectsty.sty
Package: sectsty 2002/02/25 v2.0.2 Commands to change all sectional heading sty
les
)
(/usr/share/texmf-dist/tex/latex/caption/subcaption.sty
Package: subcaption 2018/05/01 v1.1-162 Sub-captions (AR)

(/usr/share/texmf-dist/tex/latex/caption/caption.sty
Package: caption 2018/10/06 v3.3-154 Customizing captions (AR)

(/usr/share/texmf-dist/tex/latex/caption/caption3.sty
Package: caption3 2018/09/12 v1.8c caption3 kernel (AR)
Package caption3 Info: TeX engine: e-TeX on input line 64.
\captionmargin=\dimen116
\captionmargin@=\dimen117
\captionwidth=\dimen118
\caption@tempdima=\dimen119
\caption@indent=\dimen120
\caption@parindent=\dimen121
\caption@hangindent=\dimen122
)
\c@caption@flags=\count101
\c@ContinuedFloat=\count102
)
\c@subfigure=\count103
\c@subtable=\count104
)
(/usr/share/texmf-dist/tex/latex/float/float.sty
Package: float 2001/11/08 v1.3d Float enhancements (AL)
\c@float@type=\count105
\float@exts=\toks21
\float@box=\box34
\@float@everytoks=\toks22
\@floatcapt=\box35
)
(/usr/share/texmf-dist/tex/latex/tex-gyre/tgheros.sty
Package: tgheros 2009/09/27 v1.2 TeX Gyre Heros as default sans serif family

(/usr/share/texmf-dist/tex/latex/oberdiek/kvoptions.sty
Package: kvoptions 2016/05/16 v3.12 Key value format for package options (HO)

(/usr/share/texmf-dist/tex/generic/oberdiek/ltxcmds.sty
Package: ltxcmds 2016/05/16 v1.23 LaTeX kernel commands for general use (HO)
)
(/usr/share/texmf-dist/tex/generic/oberdiek/kvsetkeys.sty
Package: kvsetkeys 2016/05/16 v1.17 Key value parser (HO)

(/usr/share/texmf-dist/tex/generic/oberdiek/infwarerr.sty
Package: infwarerr 2016/05/16 v1.4 Providing info/warning/error messages (HO)
)
(/usr/share/texmf-dist/tex/generic/oberdiek/etexcmds.sty
Package: etexcmds 2016/05/16 v1.6 Avoid name clashes with e-TeX commands (HO)

(/usr/share/texmf-dist/tex/generic/oberdiek/ifluatex.sty
Package: ifluatex 2016/05/16 v1.4 Provides the ifluatex switch (HO)
Package ifluatex Info: LuaTeX not detected.
)
Package etexcmds Info: Could not find \expanded.
(etexcmds)             That can mean that you are not using pdfTeX 1.50 or
(etexcmds)             that some package has redefined \expanded.
(etexcmds)             In the latter case, load this package earlier.
))))
(/usr/share/texmf-dist/tex/latex/fancyhdr/fancyhdr.sty
Package: fancyhdr 2019/01/31 v3.10 Extensive control of page headers and footer
s
\f@nch@headwidth=\skip48
\f@nch@O@elh=\skip49
\f@nch@O@erh=\skip50
\f@nch@O@olh=\skip51
\f@nch@O@orh=\skip52
\f@nch@O@elf=\skip53
\f@nch@O@erf=\skip54
\f@nch@O@olf=\skip55
\f@nch@O@orf=\skip56
)
(/usr/share/texmf-dist/tex/latex/lastpage/lastpage.sty
Package: lastpage 2015/03/29 v1.2m Refers to last page's name (HMM; JPG)
)
(/usr/share/texmf-dist/tex/latex/hyperref/hyperref.sty
Package: hyperref 2018/11/30 v6.88e Hypertext links for LaTeX

(/usr/share/texmf-dist/tex/generic/oberdiek/hobsub-hyperref.sty
Package: hobsub-hyperref 2016/05/16 v1.14 Bundle oberdiek, subset hyperref (HO)


(/usr/share/texmf-dist/tex/generic/oberdiek/hobsub-generic.sty
Package: hobsub-generic 2016/05/16 v1.14 Bundle oberdiek, subset generic (HO)
Package: hobsub 2016/05/16 v1.14 Construct package bundles (HO)
Package hobsub Info: Skipping package `infwarerr' (already loaded).
Package hobsub Info: Skipping package `ltxcmds' (already loaded).
Package hobsub Info: Skipping package `ifluatex' (already loaded).
Package: ifvtex 2016/05/16 v1.6 Detect VTeX and its facilities (HO)
Package ifvtex Info: VTeX not detected.
Package: intcalc 2016/05/16 v1.2 Expandable calculations with integers (HO)
Package: ifpdf 2018/09/07 v3.3 Provides the ifpdf switch
Package hobsub Info: Skipping package `etexcmds' (already loaded).
Package hobsub Info: Skipping package `kvsetkeys' (already loaded).
Package: kvdefinekeys 2016/05/16 v1.4 Define keys (HO)
Package: pdftexcmds 2018/09/10 v0.29 Utility functions of pdfTeX for LuaTeX (HO
)
Package pdftexcmds Info: LuaTeX not detected.
Package pdftexcmds Info: \pdf@primitive is available.
Package pdftexcmds Info: \pdf@ifprimitive is available.
Package pdftexcmds Info: \pdfdraftmode found.
Package: pdfescape 2016/05/16 v1.14 Implements pdfTeX's escape features (HO)
Package: bigintcalc 2016/05/16 v1.4 Expandable calculations on big integers (HO
)
Package: bitset 2016/05/16 v1.2 Handle bit-vector datatype (HO)
Package: uniquecounter 2016/05/16 v1.3 Provide unlimited unique counter (HO)
)
Package hobsub Info: Skipping package `hobsub' (already loaded).
Package: letltxmacro 2016/05/16 v1.5 Let assignment for LaTeX macros (HO)
Package: hopatch 2016/05/16 v1.3 Wrapper for package hooks (HO)
Package: xcolor-patch 2016/05/16 xcolor patch
Package: atveryend 2016/05/16 v1.9 Hooks at the very end of document (HO)
Package atveryend Info: \enddocument detected (standard20110627).
Package: atbegshi 2016/06/09 v1.18 At begin shipout hook (HO)
Package: refcount 2016/05/16 v3.5 Data extraction from label references (HO)
Package: hycolor 2016/05/16 v1.8 Color options for hyperref/bookmark (HO)
)
(/usr/share/texmf-dist/tex/generic/ifxetex/ifxetex.sty
Package: ifxetex 2010/09/12 v0.6 Provides ifxetex conditional
)
(/usr/share/texmf-dist/tex/latex/oberdiek/auxhook.sty
Package: auxhook 2016/05/16 v1.4 Hooks for auxiliary files (HO)
)
\@linkdim=\dimen123
\Hy@linkcounter=\count106
\Hy@pagecounter=\count107

(/usr/share/texmf-dist/tex/latex/hyperref/pd1enc.def
File: pd1enc.def 2018/11/30 v6.88e Hyperref: PDFDocEncoding definition (HO)
Now handling font encoding PD1 ...
... no UTF-8 mapping file for font encoding PD1
)
\Hy@SavedSpaceFactor=\count108

(/usr/share/texmf-dist/tex/latex/latexconfig/hyperref.cfg
File: hyperref.cfg 2002/06/06 v1.2 hyperref configuration of TeXLive
)
Package hyperref Info: Hyper figures OFF on input line 4519.
Package hyperref Info: Link nesting OFF on input line 4524.
Package hyperref Info: Hyper index ON on input line 4527.
Package hyperref Info: Plain pages OFF on input line 4534.
Package hyperref Info: Backreferencing OFF on input line 4539.
Package hyperref Info: Implicit mode ON; LaTeX internals redefined.
Package hyperref Info: Bookmarks ON on input line 4772.
\c@Hy@tempcnt=\count109

(/usr/share/texmf-dist/tex/latex/url/url.sty
\Urlmuskip=\muskip11
Package: url 2013/09/16  ver 3.4  Verb mode for urls, etc.
)
LaTeX Info: Redefining \url on input line 5125.
\XeTeXLinkMargin=\dimen124
\Fld@menulength=\count110
\Field@Width=\dimen125
\Fld@charsize=\dimen126
Package hyperref Info: Hyper figures OFF on input line 6380.
Package hyperref Info: Link nesting OFF on input line 6385.
Package hyperref Info: Hyper index ON on input line 6388.
Package hyperref Info: backreferencing OFF on input line 6395.
Package hyperref Info: Link coloring OFF on input line 6400.
Package hyperref Info: Link coloring with OCG OFF on input line 6405.
Package hyperref Info: PDF/A mode OFF on input line 6410.
LaTeX Info: Redefining \ref on input line 6450.
LaTeX Info: Redefining \pageref on input line 6454.
\Hy@abspage=\count111
\c@Item=\count112
\c@Hfootnote=\count113
)
Package hyperref Info: Driver (autodetected): hpdftex.

(/usr/share/texmf-dist/tex/latex/hyperref/hpdftex.def
File: hpdftex.def 2018/11/30 v6.88e Hyperref driver for pdfTeX
\Fld@listcount=\count114
\c@bookmark@seq@number=\count115

(/usr/share/texmf-dist/tex/latex/oberdiek/rerunfilecheck.sty
Package: rerunfilecheck 2016/05/16 v1.8 Rerun checks for auxiliary files (HO)
Package uniquecounter Info: New unique counter `rerunfilecheck' on input line 2
82.
)
\Hy@SectionHShift=\skip57
))
(/usr/share/texmf-dist/tex/latex/cite/cite.sty
LaTeX Info: Redefining \cite on input line 302.
LaTeX Info: Redefining \nocite on input line 332.
Package: cite 2015/02/27  v 5.5
) (./mmp-report.aux
(./FrontMatter/cover.aux) (./FrontMatter/declaration.aux)
(./FrontMatter/acknowledgements.aux) (./FrontMatter/abstract.aux)
(./Chapters_Engineering/chapter1.aux) (./Chapters_Engineering/chapter2.aux)
(./Chapters_Engineering/chapter3.aux) (./Chapters_Engineering/chapter4.aux)
(./Chapters_Engineering/chapter5.aux) (./Appendices/appendixA.aux)
(./Appendices/appendixB.aux) (./Appendices/appendixC.aux)
(./Appendices/appendixD.aux))
\openout1 = `mmp-report.aux'.

LaTeX Font Info:    Checking defaults for OML/cmm/m/it on input line 74.
LaTeX Font Info:    ... okay on input line 74.
LaTeX Font Info:    Checking defaults for T1/cmr/m/n on input line 74.
LaTeX Font Info:    ... okay on input line 74.
LaTeX Font Info:    Checking defaults for OT1/cmr/m/n on input line 74.
LaTeX Font Info:    ... okay on input line 74.
LaTeX Font Info:    Checking defaults for OMS/cmsy/m/n on input line 74.
LaTeX Font Info:    ... okay on input line 74.
LaTeX Font Info:    Checking defaults for OMX/cmex/m/n on input line 74.
LaTeX Font Info:    ... okay on input line 74.
LaTeX Font Info:    Checking defaults for U/cmr/m/n on input line 74.
LaTeX Font Info:    ... okay on input line 74.
LaTeX Font Info:    Checking defaults for PD1/pdf/m/n on input line 74.
LaTeX Font Info:    ... okay on input line 74.
LaTeX Font Info:    Try loading font information for OT1+qhv on input line 74.

(/usr/share/texmf-dist/tex/latex/tex-gyre/ot1qhv.fd
File: ot1qhv.fd 2009/09/25 v1.2 font definition file for OT1/qhv
)
(/usr/share/texmf-dist/tex/context/base/mkii/supp-pdf.mkii
[Loading MPS to PDF converter (version 2006.09.02).]
\scratchcounter=\count116
\scratchdimen=\dimen127
\scratchbox=\box36
\nofMPsegments=\count117
\nofMParguments=\count118
\everyMPshowfont=\toks23
\MPscratchCnt=\count119
\MPscratchDim=\dimen128
\MPnumerator=\count120
\makeMPintoPDFobject=\count121
\everyMPtoPDFconversion=\toks24
) (/usr/share/texmf-dist/tex/latex/oberdiek/epstopdf-base.sty
Package: epstopdf-base 2016/05/15 v2.6 Base part for package epstopdf

(/usr/share/texmf-dist/tex/latex/oberdiek/grfext.sty
Package: grfext 2016/05/16 v1.2 Manage graphics extensions (HO)
)
Package epstopdf-base Info: Redefining graphics rule for `.eps' on input line 4
38.
Package grfext Info: Graphics extension search list:
(grfext)             [.pdf,.png,.jpg,.mps,.jpeg,.jbig2,.jb2,.PDF,.PNG,.JPG,.JPE
G,.JBIG2,.JB2,.eps]
(grfext)             \AppendGraphicsExtensions on input line 456.

(/usr/share/texmf-dist/tex/latex/latexconfig/epstopdf-sys.cfg
File: epstopdf-sys.cfg 2010/07/13 v1.3 Configuration of (r)epstopdf for TeX Liv
e
))
Package caption Info: Begin \AtBeginDocument code.
Package caption Info: float package is loaded.
Package caption Info: hyperref package is loaded.
Package caption Info: End \AtBeginDocument code.
Package lastpage Info: Please have a look at the pageslts package at
(lastpage)             https://www.ctan.org/pkg/pageslts
(lastpage)             ! on input line 74.
\AtBeginShipoutBox=\box37
Package hyperref Info: Link coloring OFF on input line 74.

(/usr/share/texmf-dist/tex/latex/hyperref/nameref.sty
Package: nameref 2016/05/21 v2.44 Cross-referencing by name of section

(/usr/share/texmf-dist/tex/generic/oberdiek/gettitlestring.sty
Package: gettitlestring 2016/05/16 v1.5 Cleanup title references (HO)
)
\c@section@level=\count122
)
LaTeX Info: Redefining \ref on input line 74.
LaTeX Info: Redefining \pageref on input line 74.
LaTeX Info: Redefining \nameref on input line 74.

(./mmp-report.out) (./mmp-report.out)
\@outlinefile=\write3
\openout3 = `mmp-report.out'.

\openout2 = `FrontMatter/cover.aux'.

 (./FrontMatter/cover.tex
LaTeX Font Info:    Try loading font information for U+msa on input line 29.

(/usr/share/texmf-dist/tex/latex/amsfonts/umsa.fd
File: umsa.fd 2013/01/14 v3.01 AMS symbols A
)
LaTeX Font Info:    Try loading font information for U+msb on input line 29.

(/usr/share/texmf-dist/tex/latex/amsfonts/umsb.fd
File: umsb.fd 2013/01/14 v3.01 AMS symbols B
)
Overfull \hbox (14.05609pt too wide) in paragraph at lines 29--29
[] $[]$ 
 []

[0


{/var/lib/texmf/fonts/map/pdftex/updmap/pdftex.map}])
\openout2 = `FrontMatter/declaration.aux'.


(./FrontMatter/declaration.tex
Underfull \hbox (badness 10000) in paragraph at lines 27--28

 []


Underfull \hbox (badness 10000) in paragraph at lines 30--31

 []

) [1


]
\openout2 = `FrontMatter/acknowledgements.aux'.

 (./FrontMatter/acknowledgements.tex) [2


]
\openout2 = `FrontMatter/abstract.aux'.

 (./FrontMatter/abstract.tex
LaTeX Font Info:    Try loading font information for OT1+pcr on input line 7.

(/usr/share/texmf-dist/tex/latex/psnfss/ot1pcr.fd
File: ot1pcr.fd 2001/06/04 font definitions for OT1/pcr.
)) [3


] (./mmp-report.tocpdfTeX warning (ext4): destination with the same identifier 
(name{page.i}) has been already used, duplicate ignored
<to be read again> 
                   \relax 
l.47 ...ne {5.3}Design Decisions}{24}{section.5.3}
                                                  % [1

])
\tf@toc=\write4
\openout4 = `mmp-report.toc'.

pdfTeX warning (ext4): destination with the same identifier (name{page.ii}) has
 been already used, duplicate ignored
<to be read again> 
                   \relax 
l.105 \newpage
               [2] (./mmp-report.lof)
\tf@lof=\write5
\openout5 = `mmp-report.lof'.

pdfTeX warning (ext4): destination with the same identifier (name{page.iii}) ha
s been already used, duplicate ignored
<to be read again> 
                   \relax 
l.107 \newpage
               [3] (./mmp-report.lot)
\tf@lot=\write6
\openout6 = `mmp-report.lot'.

 [4]
\openout2 = `Chapters_Engineering/chapter1.aux'.

 (./Chapters_Engineering/chapter1.tex
Chapter 1.

Package Fancyhdr Warning: \headheight is too small (0.0pt): 
Make it at least 13.59999pt.
We now make it that large for the rest of the document.
This may cause the page layout to be inconsistent, however.

[1


] [2] [3] [4]) [5]
\openout2 = `Chapters_Engineering/chapter2.aux'.

 (./Chapters_Engineering/chapter2.tex
Chapter 2.
[6



] [7] [8]) [9]
\openout2 = `Chapters_Engineering/chapter3.aux'.

 (./Chapters_Engineering/chapter3.tex
Chapter 3.
[10



] [11]
Overfull \hbox (4.28255pt too wide) in paragraph at lines 41--42
[]\OT1/qhv/m/n/10.95 There were some is-sues re-gard-ing mouse in-put, namely t
hat if the ap-pli-ca-tion was restarted
 []

<./images/Teleop.png, id=484, 722.7pt x 433.62pt>
File: ./images/Teleop.png Graphic file (type png)
<use ./images/Teleop.png>
Package pdftex.def Info: ./images/Teleop.png  used on input line 59.
(pdftex.def)             Requested size: 433.62334pt x 260.17401pt.

Overfull \hbox (6.832pt too wide) in paragraph at lines 59--60
 [][] 
 []

[12] [13 <./images/Teleop.png (PNG copy)>]
<./images/Monitor.png, id=496, 722.7pt x 433.62pt>
File: ./images/Monitor.png Graphic file (type png)
<use ./images/Monitor.png>
Package pdftex.def Info: ./images/Monitor.png  used on input line 81.
(pdftex.def)             Requested size: 433.62334pt x 260.17401pt.

Overfull \hbox (6.832pt too wide) in paragraph at lines 81--82
 [][] 
 []

[14 <./images/Monitor.png (PNG copy)>] [15]
<./images/TrueOutput.png, id=528, 722.7pt x 433.62pt>
File: ./images/TrueOutput.png Graphic file (type png)
<use ./images/TrueOutput.png>
Package pdftex.def Info: ./images/TrueOutput.png  used on input line 124.
(pdftex.def)             Requested size: 433.62334pt x 260.17401pt.

Overfull \hbox (6.832pt too wide) in paragraph at lines 124--125
 [][] 
 []


LaTeX Warning: `!h' float specifier changed to `!ht'.

[16] [17 <./images/TrueOutput.png (PNG copy)>] [18]) [19]
\openout2 = `Chapters_Engineering/chapter4.aux'.


(./Chapters_Engineering/chapter4.tex
Chapter 4.
[20



]
Underfull \hbox (badness 10000) in paragraph at lines 68--68
[]|\OT1/qhv/m/n/10.95 Plain \OT1/pcr/m/n/10.95 TTY \OT1/qhv/m/n/10.95 run-ning 
on \OT1/pcr/m/n/10.95 Arch\OT1/qhv/m/n/10.95 ,
 []

[21] [22]) [23]
\openout2 = `Chapters_Engineering/chapter5.aux'.

 (./Chapters_Engineering/chapter5.tex
Chapter 5.
[24



] [25] [26]) [27] (./mmp-report.bbl
LaTeX Font Info:    Try loading font information for OT1+ppl on input line 24.

(/usr/share/texmf-dist/tex/latex/psnfss/ot1ppl.fd
File: ot1ppl.fd 2001/06/04 font definitions for OT1/ppl.
) [28


] [29]
Underfull \hbox (badness 1642) in paragraph at lines 247--248
[]\OT1/qhv/m/n/10.95 Website for screenkey, a pro-gram used to dis-play on scre
en what
 []

[30]) [31] [32

]
\openout2 = `Appendices/appendixA.aux'.

 (./Appendices/appendixA.tex
Appendix A.
) [33


]
\openout2 = `Appendices/appendixB.aux'.

 (./Appendices/appendixB.tex
Appendix B.
<./images/EthicsSubmission01.png, id=733, 614.295pt x 794.97pt>
File: ./images/EthicsSubmission01.png Graphic file (type png)
<use ./images/EthicsSubmission01.png>
Package pdftex.def Info: ./images/EthicsSubmission01.png  used on input line 6.

(pdftex.def)             Requested size: 460.72011pt x 596.22604pt.

Overfull \hbox (33.92877pt too wide) in paragraph at lines 6--7
[][] 
 []

<./images/EthicsSubmission02.png, id=735, 614.295pt x 794.97pt>
File: ./images/EthicsSubmission02.png Graphic file (type png)
<use ./images/EthicsSubmission02.png>
Package pdftex.def Info: ./images/EthicsSubmission02.png  used on input line 9.

(pdftex.def)             Requested size: 460.72011pt x 596.22604pt.

Overfull \hbox (33.92877pt too wide) in paragraph at lines 9--10
[][] 
 []

<./images/EthicsSubmission03.png, id=736, 614.295pt x 794.97pt>
File: ./images/EthicsSubmission03.png Graphic file (type png)
<use ./images/EthicsSubmission03.png>
Package pdftex.def Info: ./images/EthicsSubmission03.png  used on input line 12
.
(pdftex.def)             Requested size: 460.72011pt x 596.22604pt.

Overfull \hbox (33.92877pt too wide) in paragraph at lines 12--13
[][] 
 []

) [34



] [35 <./images/EthicsSubmission01.png>] [36 <./images/EthicsSubmission02.png>]
 [37 <./images/EthicsSubmission03.png>]
\openout2 = `Appendices/appendixC.aux'.

 (./Appendices/appendixC.tex
Appendix C.

Overfull \hbox (39.6781pt too wide) in paragraph at lines 33--33
[]\OT1/pcr/m/n/10.95 /*These are a modified versioa of functions taken from the
 tty8 project[] 
 []

[38



] [39]
Overfull \hbox (26.53812pt too wide) in paragraph at lines 132--132
[]\OT1/pcr/m/n/10.95 /*An example program used for testing file reading and YAM
L parsing*/[] 
 []

) [40]
\openout2 = `Appendices/appendixD.aux'.

 (./Appendices/appendixD.tex
Appendix D.
<./images/ClassDiagramNew.png, id=780, 1472.50125pt x 1080.035pt>
File: ./images/ClassDiagramNew.png Graphic file (type png)
<use ./images/ClassDiagramNew.png>
Package pdftex.def Info: ./images/ClassDiagramNew.png  used on input line 6.
(pdftex.def)             Requested size: 633.16321pt x 464.406pt.

Overfull \hbox (37.61467pt too wide) in paragraph at lines 6--7
 [][] 
 []


LaTeX Warning: Float too large for page by 5.1951pt on input line 9.


LaTeX Warning: `!h' float specifier changed to `!ht'.

<./images/UISketch01.jpg, id=781, 5331.92pt x 2999.205pt>
File: ./images/UISketch01.jpg Graphic file (type jpg)
<use ./images/UISketch01.jpg>
Package pdftex.def Info: ./images/UISketch01.jpg  used on input line 13.
(pdftex.def)             Requested size: 426.56232pt x 239.9413pt.

LaTeX Warning: `!h' float specifier changed to `!ht'.

<./images/UISketch02.jpg, id=782, 5331.92pt x 2999.205pt>
File: ./images/UISketch02.jpg Graphic file (type jpg)
<use ./images/UISketch02.jpg>
Package pdftex.def Info: ./images/UISketch02.jpg  used on input line 20.
(pdftex.def)             Requested size: 426.56232pt x 239.9413pt.

LaTeX Warning: `!h' float specifier changed to `!ht'.

) [41



] [42 <./images/ClassDiagramNew.png>] [43 <./images/UISketch01.jpg> <./images/U
ISketch02.jpg>] 
AED: lastpage setting LastPage
Package atveryend Info: Empty hook `BeforeClearDocument' on input line 192.
Package atveryend Info: Empty hook `AfterLastShipout' on input line 192.
(./mmp-report.aux (./FrontMatter/cover.aux) (./FrontMatter/declaration.aux)
(./FrontMatter/acknowledgements.aux) (./FrontMatter/abstract.aux)
(./Chapters_Engineering/chapter1.aux) (./Chapters_Engineering/chapter2.aux)
(./Chapters_Engineering/chapter3.aux) (./Chapters_Engineering/chapter4.aux)
(./Chapters_Engineering/chapter5.aux) (./Appendices/appendixA.aux)
(./Appendices/appendixB.aux) (./Appendices/appendixC.aux)
(./Appendices/appendixD.aux))
Package atveryend Info: Executing hook `AtVeryEndDocument' on input line 192.
Package atveryend Info: Executing hook `AtEndAfterFileList' on input line 192.
Package rerunfilecheck Info: File `mmp-report.out' has not changed.
(rerunfilecheck)             Checksum: 10F9F798184E7D2FDEB42BB8AB64A373;4365.
Package atveryend Info: Empty hook `AtVeryVeryEnd' on input line 192.
 ) 
Here is how much of TeX's memory you used:
 8645 strings out of 492616
 127146 string characters out of 6135177
 233362 words of memory out of 5000000
 12152 multiletter control sequences out of 15000+600000
 40129 words of font info for 48 fonts, out of 8000000 for 9000
 1141 hyphenation exceptions out of 8191
 49i,12n,45p,1516b,504s stack positions out of 5000i,500n,10000p,200000b,80000s
{/usr/share/texmf-dist/fonts/enc/dvips/base/8r.enc}{/usr/share/texmf-dist/fon
ts/enc/dvips/tex-gyre/q-rm.enc}</usr/share/texmf-dist/fonts/type1/public/amsfon
ts/cm/cmsy10.pfb></usr/share/texmf-dist/fonts/type1/public/amsfonts/cm/cmsy8.pf
b></usr/share/texmf-dist/fonts/type1/public/tex-gyre/qhvb.pfb></usr/share/texmf
-dist/fonts/type1/public/tex-gyre/qhvr.pfb></usr/share/texmf-dist/fonts/type1/u
rw/courier/ucrr8a.pfb></usr/share/texmf-dist/fonts/type1/urw/palatino/uplr8a.pf
b>
Output written on mmp-report.pdf (51 pages, 8075372 bytes).
PDF statistics:
 861 PDF objects out of 1000 (max. 8388607)
 781 compressed objects within 8 object streams
 168 named destinations out of 1000 (max. 500000)
 566 words of extra memory for PDF output out of 10000 (max. 10000000)

